<?xml version="1.0" encoding="UTF-8"?>
<!-- Generated by org.testng.reporters.JUnitReportReporter -->
<testsuite skipped="0" hostname="LAPTOP-QC18G5VD" name="baseClasses.BaseClass" tests="1" failures="0" timestamp="2022-04-11T11:04:23 IST" time="0.019" errors="0">
  <testcase name="login" time="0.019" classname="baseClasses.BaseClass"/>
  <system-out>
    <![CDATA[login sucessful]]>
  </system-out>
</testsuite> <!-- baseClasses.BaseClass -->
